build/app/outputs/mapping/release/seeds.txt
com.example.match_app.MainActivity
com.example.match_app.MainActivity: MainActivity()
...
androidx.window.layout.SidecarCompat$DistinctElementCallback: void onWindowLayoutChanged(android.app.Activity,androidx.window.layout.WindowLayoutInfo)
io.flutter.plugins.GeneratedPluginRegistrant: void registerWith(io.flutter.embedding.engine.FlutterEngine)
androidx.window.layout.WindowMetricsCalculator$Companion$decorator$1: androidx.window.layout.WindowMetricsCalculator invoke(androidx.window.layout.WindowMetricsCalculator)
kotlin.coroutines.AbstractCoroutineContextElement: kotlin.coroutines.CoroutineContext minusKey(kotlin.coroutines.CoroutineContext$Key)
io.flutter.embedding.engine.FlutterJNI: void unregisterTexture(long)
androidx.window.embedding.ActivityFilter: int hashCode()
io.flutter.embedding.engine.mutatorsstack.FlutterMutatorsStack: void pushClipRRect(int,int,int,int,float[])
androidx.window.layout.SidecarCompat$registerConfigurationChangeListener$configChangeObserver$1: void onLowMemory()
io.flutter.view.AccessibilityViewEmbedder: android.view.accessibility.AccessibilityNodeInfo convertToFlutterNode(android.view.accessibility.AccessibilityNodeInfo,int,android.view.View)
androidx.versionedparcelable.CustomVersionedParcelable: CustomVersionedParcelable()
kotlinx.coroutines.scheduling.CoroutineScheduler$WorkerState: kotlinx.coroutines.scheduling.CoroutineScheduler$WorkerState valueOf(java.lang.String)
androidx.window.embedding.EmbeddingInterfaceCompat: void setEmbeddingCallback(androidx.window.embedding.EmbeddingInterfaceCompat$EmbeddingCallbackInterface)
androidx.window.embedding.ExtensionEmbeddingBackend: void registerSplitListenerForActivity(android.app.Activity,java.util.concurrent.Executor,androidx.core.util.Consumer)
androidx.window.layout.ExtensionInterfaceCompat: boolean validateExtensionInterface()
kotlin.coroutines.jvm.internal.BaseContinuationImpl: kotlin.coroutines.jvm.internal.CoroutineStackFrame getCallerFrame()
androidx.window.layout.FoldingFeature: androidx.window.layout.FoldingFeature$State getState()
io.flutter.view.AccessibilityViewEmbedder: java.lang.Integer getRecordFlutterId(android.view.View,android.view.accessibility.AccessibilityRecord)
androidx.window.embedding.ExtensionEmbeddingBackend$EmbeddingCallbackImpl: java.util.List getLastInfo()
androidx.window.embedding.SplitRule: SplitRule(int,int,float,int,int,kotlin.jvm.internal.DefaultConstructorMarker)
androidx.core.graphics.drawable.IconCompatParcelizer: void write(androidx.core.graphics.drawable.IconCompat,androidx.versionedparcelable.VersionedParcel)
io.flutter.embedding.engine.FlutterJNI: java.lang.String[] computePlatformResolvedLocale(java.lang.String[])
androidx.window.embedding.SplitController: void registerRule(androidx.window.embedding.EmbeddingRule)
androidx.window.layout.SidecarCompat$DistinctSidecarElementCallback: SidecarCompat$DistinctSidecarElementCallback(androidx.window.layout.SidecarAdapter,androidx.window.sidecar.SidecarInterface$SidecarCallback)
io.flutter.embedding.engine.FlutterJNI: void onRenderingStopped()
kotlin.jvm.internal.CallableReference: java.lang.String getName()
androidx.window.layout.WindowMetricsCalculator$Companion$reset$1: androidx.window.layout.WindowMetricsCalculator invoke(androidx.window.layout.WindowMetricsCalculator)
io.flutter.embedding.android.FlutterImageView: android.media.ImageReader getImageReader()
androidx.window.layout.SidecarAdapter$Companion: androidx.window.layout.DisplayFeature translate$window_release(androidx.window.sidecar.SidecarDisplayFeature,androidx.window.sidecar.SidecarDeviceState)
androidx.window.embedding.EmbeddingAdapter: java.util.List translate(java.util.List)
androidx.window.layout.WindowMetricsCalculator$Companion: WindowMetricsCalculator$Companion()
androidx.window.core.Version$Companion: Version$Companion(kotlin.jvm.internal.DefaultConstructorMarker)
kotlin.jvm.internal.FunctionReferenceImpl: FunctionReferenceImpl(int,java.lang.Class,java.lang.String,java.lang.String,int)