build/app/outputs/mapping/release/mapping.txt
# compiler: R8
# compiler_version: 3.1.66
# min_api: 16
# pg_map_id: f8f4c20
# common_typos_disable
# {"id":"com.android.tools.r8.mapping","version":"1.0"}
...
kotlin.collections.MapsKt___MapsJvmKt -> b0.a0:
kotlin.collections.MapsKt___MapsKt -> b0.b0:
kotlin.collections.SetsKt -> b0.c0:
    java.util.Set emptySet() -> b
      # {"id":"com.android.tools.r8.synthesized"}
kotlin.collections.SetsKt__SetsJVMKt -> b0.d0:
    java.util.Set setOf(java.lang.Object) -> a
kotlin.collections.SetsKt__SetsKt -> b0.e0:
    java.util.Set emptySet() -> b
    java.util.Set optimizeReadOnlySet(java.util.Set) -> c
kotlin.collections.SetsKt___SetsKt -> b0.f0:
kotlin.comparisons.ComparisonsKt -> c0.a:
    int compareValues(java.lang.Comparable,java.lang.Comparable) -> a
      # {"id":"com.android.tools.r8.synthesized"}
kotlin.comparisons.ComparisonsKt__ComparisonsKt -> c0.b:
    int compareValues(java.lang.Comparable,java.lang.Comparable) -> a
kotlin.comparisons.ComparisonsKt___ComparisonsJvmKt -> c0.c:
kotlin.comparisons.ComparisonsKt___ComparisonsKt -> c0.d:
kotlin.coroutines.AbstractCoroutineContextElement -> d0.a:
kotlin.coroutines.AbstractCoroutineContextKey -> d0.b:
    kotlin.coroutines.CoroutineContext$Key topmostKey -> e
    kotlin.jvm.functions.Function1 safeCast -> d
    boolean isSubKey$kotlin_stdlib(kotlin.coroutines.CoroutineContext$Key) -> a
    kotlin.coroutines.CoroutineContext$Element tryCast$kotlin_stdlib(kotlin.coroutines.CoroutineContext$Element) -> b
kotlin.coroutines.CombinedContext -> d0.c:
    kotlin.coroutines.CoroutineContext$Element element -> e
    kotlin.coroutines.CoroutineContext left -> d
    boolean contains(kotlin.coroutines.CoroutineContext$Element) -> b
    boolean containsAll(kotlin.coroutines.CombinedContext) -> f
    int size() -> h
kotlin.coroutines.CombinedContext$toString$1 -> d0.c$a:
    kotlin.coroutines.CombinedContext$toString$1 INSTANCE -> d
    java.lang.String invoke(java.lang.String,kotlin.coroutines.CoroutineContext$Element) -> a
kotlin.coroutines.Continuation -> d0.d:
kotlin.coroutines.ContinuationInterceptor -> d0.e:
    kotlin.coroutines.ContinuationInterceptor$Key Key -> a
    kotlin.coroutines.Continuation interceptContinuation(kotlin.coroutines.Continuation) -> k
    void releaseInterceptedContinuation(kotlin.coroutines.Continuation) -> m
kotlin.coroutines.ContinuationInterceptor$DefaultImpls -> d0.e$a:
    kotlin.coroutines.CoroutineContext$Element get(kotlin.coroutines.ContinuationInterceptor,kotlin.coroutines.CoroutineContext$Key) -> a
    kotlin.coroutines.CoroutineContext minusKey(kotlin.coroutines.ContinuationInterceptor,kotlin.coroutines.CoroutineContext$Key) -> b
kotlin.coroutines.ContinuationInterceptor$Key -> d0.e$b:
    kotlin.coroutines.ContinuationInterceptor$Key $$INSTANCE -> d
kotlin.coroutines.ContinuationKt -> d0.f:
    void startCoroutine(kotlin.jvm.functions.Function2,java.lang.Object,kotlin.coroutines.Continuation) -> a
kotlin.coroutines.CoroutineContext -> d0.g:
kotlin.coroutines.CoroutineContext$DefaultImpls -> d0.g$a:
    kotlin.coroutines.CoroutineContext plus(kotlin.coroutines.CoroutineContext,kotlin.coroutines.CoroutineContext) -> a
kotlin.coroutines.CoroutineContext$Element -> d0.g$b:
kotlin.coroutines.CoroutineContext$Element$DefaultImpls -> d0.g$b$a:
    java.lang.Object fold(kotlin.coroutines.CoroutineContext$Element,java.lang.Object,kotlin.jvm.functions.Function2) -> a
    kotlin.coroutines.CoroutineContext$Element get(kotlin.coroutines.CoroutineContext$Element,kotlin.coroutines.CoroutineContext$Key) -> b
    kotlin.coroutines.CoroutineContext minusKey(kotlin.coroutines.CoroutineContext$Element,kotlin.coroutines.CoroutineContext$Key) -> c
    kotlin.coroutines.CoroutineContext plus(kotlin.coroutines.CoroutineContext$Element,kotlin.coroutines.CoroutineContext) -> d
kotlin.coroutines.CoroutineContext$Key -> d0.g$c:
kotlin.coroutines.CoroutineContext$plus$1 -> d0.g$a$a:
    kotlin.coroutines.CoroutineContext$plus$1 INSTANCE -> d
    kotlin.coroutines.CoroutineContext invoke(kotlin.coroutines.CoroutineContext,kotlin.coroutines.CoroutineContext$Element) -> a