build/app/outputs/mapping/release/usage.txt
com.example.match_app.BuildConfig
com.example.match_app.R$attr
com.example.match_app.R$color
com.example.match_app.R$dimen
com.example.match_app.R$drawable
com.example.match_app.R$id
com.example.match_app.R$integer
com.example.match_app.R$layout
com.example.match_app.R$mipmap
com.example.match_app.R$string
com.example.match_app.R$style
com.example.match_app.R$styleable
com.example.match_app.R
...
io.flutter.embedding.engine.plugins.contentprovider.ContentProviderControlSurface
io.flutter.embedding.engine.plugins.contentprovider.ContentProviderPluginBinding:
    public abstract android.content.ContentProvider getContentProvider()
io.flutter.embedding.engine.plugins.service.ServiceAware$OnModeChangeListener
io.flutter.embedding.engine.plugins.service.ServiceControlSurface
io.flutter.embedding.engine.plugins.service.ServicePluginBinding:
    public abstract void addOnModeChangeListener(io.flutter.embedding.engine.plugins.service.ServiceAware$OnModeChangeListener)
    public abstract java.lang.Object getLifecycle()
    public abstract android.app.Service getService()
    public abstract void removeOnModeChangeListener(io.flutter.embedding.engine.plugins.service.ServiceAware$OnModeChangeListener)
io.flutter.embedding.engine.plugins.shim.ShimPluginRegistry$1
io.flutter.embedding.engine.plugins.shim.ShimPluginRegistry$ShimRegistrarAggregate
io.flutter.embedding.engine.plugins.shim.ShimPluginRegistry
io.flutter.embedding.engine.plugins.shim.ShimRegistrar
io.flutter.embedding.engine.plugins.util.GeneratedPluginRegister:
    private static final java.lang.String TAG
    public void <init>()
io.flutter.embedding.engine.renderer.FlutterRenderer$SurfaceTextureRegistryEntry:
    public void release()
    private void removeListener()
io.flutter.embedding.engine.renderer.FlutterRenderer$ViewportMetrics:
    public static final int unsetValue
io.flutter.embedding.engine.renderer.FlutterRenderer:
    private static final java.lang.String TAG
    static synthetic void access$600(io.flutter.embedding.engine.renderer.FlutterRenderer,long)
    public void dispatchSemanticsAction(int,int,java.nio.ByteBuffer,int)
    public android.graphics.Bitmap getBitmap()
    void removeOnTrimMemoryListener(io.flutter.view.TextureRegistry$OnTrimMemoryListener)
    public void setAccessibilityFeatures(int)
    private void unregisterTexture(long)
io.flutter.embedding.engine.systemchannels.AccessibilityChannel:
    private static final java.lang.String TAG
io.flutter.embedding.engine.systemchannels.DeferredComponentChannel:
    private static final java.lang.String TAG
    public void completeInstallError(java.lang.String,java.lang.String)
    public void completeInstallSuccess(java.lang.String)
io.flutter.embedding.engine.systemchannels.KeyEventChannel$FlutterKeyEvent:
    public void <init>(android.view.KeyEvent)
io.flutter.embedding.engine.systemchannels.KeyEventChannel:
    private static final java.lang.String TAG
io.flutter.embedding.engine.systemchannels.LifecycleChannel:
    private static final java.lang.String TAG
io.flutter.embedding.engine.systemchannels.LocalizationChannel:
    private static final java.lang.String TAG
io.flutter.embedding.engine.systemchannels.MouseCursorChannel:
    private static final java.lang.String TAG
    public void synthesizeMethodCall(io.flutter.plugin.common.MethodCall,io.flutter.plugin.common.MethodChannel$Result)
io.flutter.embedding.engine.systemchannels.NavigationChannel:
    private static final java.lang.String TAG
    public void setMethodCallHandler(io.flutter.plugin.common.MethodChannel$MethodCallHandler)
io.flutter.embedding.engine.systemchannels.PlatformChannel:
    private static final java.lang.String TAG
io.flutter.embedding.engine.systemchannels.PlatformViewsChannel:
    private static final java.lang.String TAG
io.flutter.embedding.engine.systemchannels.RestorationChannel:
    private static final java.lang.String TAG